Build started 7/10/2011 2:32:52 AM.
     1>Project "C:\Users\Erika\KinectedConference\KinectSDKandOF\KinectSDKandOF.vcxproj" on node 3 (build target(s)).
     1>InitializeBuildStatus:
         Creating "Debug\KinectSDKandOF.unsuccessfulbuild" because "AlwaysCreate" was specified.
       ClCompile:
         All outputs are up-to-date.
       ManifestResourceCompile:
         All outputs are up-to-date.
       Link:
         c:\Program Files (x86)\Microsoft Visual Studio 10.0\VC\bin\link.exe /ERRORREPORT:PROMPT /OUT:"C:\Users\Erika\Documents\Visual Studio 2010\Projects\KinectSDKandOFBlur\KinectSDKandOF\bin\KinectSDKandOF.exe" /INCREMENTAL /NOLOGO /LIBPATH:C:\Users\Erika\Desktop\openframeworks\of_preRelease_v0062_vs2010_FAT\libs\glut\lib\vs2010 /LIBPATH:C:\Users\Erika\Desktop\openframeworks\of_preRelease_v0062_vs2010_FAT\libs\openFrameworksCompiled\lib\vs2010 /LIBPATH:C:\Users\Erika\Desktop\openframeworks\of_preRelease_v0062_vs2010_FAT\libs\poco\lib\vs2010 /LIBPATH:C:\Users\Erika\Desktop\openframeworks\of_preRelease_v0062_vs2010_FAT\libs\glu\lib\vs2010 /LIBPATH:C:\Users\Erika\Desktop\openframeworks\of_preRelease_v0062_vs2010_FAT\libs\glee\lib\vs2010 /LIBPATH:C:\Users\Erika\Desktop\openframeworks\of_preRelease_v0062_vs2010_FAT\libs\videoInput\lib\vs2010 /LIBPATH:C:\Users\Erika\Desktop\openframeworks\of_preRelease_v0062_vs2010_FAT\libs\fmodex\lib\vs2010 /LIBPATH:C:\Users\Erika\Desktop\openframeworks\of_preRelease_v0062_vs2010_FAT\libs\quicktime\lib\vs2010 /LIBPATH:C:\Users\Erika\Desktop\openframeworks\of_preRelease_v0062_vs2010_FAT\libs\freetype\lib\vs2010 /LIBPATH:C:\Users\Erika\Desktop\openframeworks\of_preRelease_v0062_vs2010_FAT\libs\FreeImage\lib\vs2010 /LIBPATH:C:\Users\Erika\Desktop\openframeworks\of_preRelease_v0062_vs2010_FAT\libs\rtAudio\lib\vs2010 advapi32.lib shell32.lib ole32.lib oleaut32.lib uuid.lib odbc32.lib odbccp32.lib dsound.lib fmodex_vc.lib FreeImage.lib GLee.lib glu32.lib GLu32.lib glut32.lib libfreetype.lib openframeworksLibDebug.lib OpenGL32.lib PocoFoundationmtd.lib PocoNetmtd.lib PocoUtilmtd.lib PocoXMLmtd.lib qtmlClient.lib rtAudioD.lib setupapi.lib videoInput.lib amstrmid.lib avrt.lib dmoguids.lib Msdmo.lib MSRKinectNUI.lib kernel32.lib user32.lib gdi32.lib winspool.lib comdlg32.lib advapi32.lib shell32.lib ole32.lib oleaut32.lib uuid.lib odbc32.lib odbccp32.lib /NODEFAULTLIB:atlthunk.lib /NODEFAULTLIB:LIBC.lib /NODEFAULTLIB:LIBCMT /MANIFEST /ManifestFile:"Debug\KinectSDKandOF.exe.intermediate.manifest" /MANIFESTUAC:"level='asInvoker' uiAccess='false'" /DEBUG /PDB:"C:\Users\Erika\Documents\Visual Studio 2010\Projects\KinectSDKandOFBlur\KinectSDKandOF\bin\KinectSDKandOF.pdb" /SUBSYSTEM:CONSOLE /TLBID:1 /DYNAMICBASE /NXCOMPAT /IMPLIB:"C:\Users\Erika\Documents\Visual Studio 2010\Projects\KinectSDKandOFBlur\KinectSDKandOF\bin\KinectSDKandOF.lib" /MACHINE:X86 Debug\KinectSDKandOF.exe.embed.manifest.res
         Debug\grabVideo.obj
         Debug\main.obj
         Debug\ofxFBOTexture.obj
         Debug\ofxShader.obj
         Debug\shaderBlur.obj
         Debug\stdafx.obj
         Debug\testApp.obj
         C:\Users\Erika\Desktop\openframeworks\of_preRelease_v0062_vs2010_FAT\libs\openFrameworksCompiled\lib\vs2010\openframeworksLibDebug.lib
     1>grabVideo.obj : warning LNK4075: ignoring '/EDITANDCONTINUE' due to '/INCREMENTAL:NO' specification
     1>PocoFoundationmtd.lib(AtomicCounter.obj) : warning LNK4099: PDB 'vc100.pdb' was not found with 'PocoFoundationmtd.lib(AtomicCounter.obj)' or at 'C:\Users\Erika\Documents\Visual Studio 2010\Projects\KinectSDKandOFBlur\KinectSDKandOF\bin\vc100.pdb'; linking object as if no debug info
     1>PocoFoundationmtd.lib(Bugcheck.obj) : warning LNK4099: PDB 'vc100.pdb' was not found with 'PocoFoundationmtd.lib(Bugcheck.obj)' or at 'C:\Users\Erika\Documents\Visual Studio 2010\Projects\KinectSDKandOFBlur\KinectSDKandOF\bin\vc100.pdb'; linking object as if no debug info
     1>PocoFoundationmtd.lib(Debugger.obj) : warning LNK4099: PDB 'vc100.pdb' was not found with 'PocoFoundationmtd.lib(Debugger.obj)' or at 'C:\Users\Erika\Documents\Visual Studio 2010\Projects\KinectSDKandOFBlur\KinectSDKandOF\bin\vc100.pdb'; linking object as if no debug info
     1>PocoFoundationmtd.lib(Exception.obj) : warning LNK4099: PDB 'vc100.pdb' was not found with 'PocoFoundationmtd.lib(Exception.obj)' or at 'C:\Users\Erika\Documents\Visual Studio 2010\Projects\KinectSDKandOFBlur\KinectSDKandOF\bin\vc100.pdb'; linking object as if no debug info
     1>PocoFoundationmtd.lib(Mutex.obj) : warning LNK4099: PDB 'vc100.pdb' was not found with 'PocoFoundationmtd.lib(Mutex.obj)' or at 'C:\Users\Erika\Documents\Visual Studio 2010\Projects\KinectSDKandOFBlur\KinectSDKandOF\bin\vc100.pdb'; linking object as if no debug info
     1>PocoFoundationmtd.lib(RWLock.obj) : warning LNK4099: PDB 'vc100.pdb' was not found with 'PocoFoundationmtd.lib(RWLock.obj)' or at 'C:\Users\Erika\Documents\Visual Studio 2010\Projects\KinectSDKandOFBlur\KinectSDKandOF\bin\vc100.pdb'; linking object as if no debug info
     1>PocoFoundationmtd.lib(Timestamp.obj) : warning LNK4099: PDB 'vc100.pdb' was not found with 'PocoFoundationmtd.lib(Timestamp.obj)' or at 'C:\Users\Erika\Documents\Visual Studio 2010\Projects\KinectSDKandOFBlur\KinectSDKandOF\bin\vc100.pdb'; linking object as if no debug info
     1>PocoFoundationmtd.lib(ASCIIEncoding.obj) : warning LNK4099: PDB 'vc100.pdb' was not found with 'PocoFoundationmtd.lib(ASCIIEncoding.obj)' or at 'C:\Users\Erika\Documents\Visual Studio 2010\Projects\KinectSDKandOFBlur\KinectSDKandOF\bin\vc100.pdb'; linking object as if no debug info
     1>PocoFoundationmtd.lib(Latin1Encoding.obj) : warning LNK4099: PDB 'vc100.pdb' was not found with 'PocoFoundationmtd.lib(Latin1Encoding.obj)' or at 'C:\Users\Erika\Documents\Visual Studio 2010\Projects\KinectSDKandOFBlur\KinectSDKandOF\bin\vc100.pdb'; linking object as if no debug info
     1>PocoFoundationmtd.lib(Latin9Encoding.obj) : warning LNK4099: PDB 'vc100.pdb' was not found with 'PocoFoundationmtd.lib(Latin9Encoding.obj)' or at 'C:\Users\Erika\Documents\Visual Studio 2010\Projects\KinectSDKandOFBlur\KinectSDKandOF\bin\vc100.pdb'; linking object as if no debug info
     1>PocoFoundationmtd.lib(TextConverter.obj) : warning LNK4099: PDB 'vc100.pdb' was not found with 'PocoFoundationmtd.lib(TextConverter.obj)' or at 'C:\Users\Erika\Documents\Visual Studio 2010\Projects\KinectSDKandOFBlur\KinectSDKandOF\bin\vc100.pdb'; linking object as if no debug info
     1>PocoFoundationmtd.lib(TextEncoding.obj) : warning LNK4099: PDB 'vc100.pdb' was not found with 'PocoFoundationmtd.lib(TextEncoding.obj)' or at 'C:\Users\Erika\Documents\Visual Studio 2010\Projects\KinectSDKandOFBlur\KinectSDKandOF\bin\vc100.pdb'; linking object as if no debug info
     1>PocoFoundationmtd.lib(TextIterator.obj) : warning LNK4099: PDB 'vc100.pdb' was not found with 'PocoFoundationmtd.lib(TextIterator.obj)' or at 'C:\Users\Erika\Documents\Visual Studio 2010\Projects\KinectSDKandOFBlur\KinectSDKandOF\bin\vc100.pdb'; linking object as if no debug info
     1>PocoFoundationmtd.lib(UnicodeConverter.obj) : warning LNK4099: PDB 'vc100.pdb' was not found with 'PocoFoundationmtd.lib(UnicodeConverter.obj)' or at 'C:\Users\Erika\Documents\Visual Studio 2010\Projects\KinectSDKandOFBlur\KinectSDKandOF\bin\vc100.pdb'; linking object as if no debug info
     1>PocoFoundationmtd.lib(UTF16Encoding.obj) : warning LNK4099: PDB 'vc100.pdb' was not found with 'PocoFoundationmtd.lib(UTF16Encoding.obj)' or at 'C:\Users\Erika\Documents\Visual Studio 2010\Projects\KinectSDKandOFBlur\KinectSDKandOF\bin\vc100.pdb'; linking object as if no debug info
     1>PocoFoundationmtd.lib(UTF8Encoding.obj) : warning LNK4099: PDB 'vc100.pdb' was not found with 'PocoFoundationmtd.lib(UTF8Encoding.obj)' or at 'C:\Users\Erika\Documents\Visual Studio 2010\Projects\KinectSDKandOFBlur\KinectSDKandOF\bin\vc100.pdb'; linking object as if no debug info
     1>PocoFoundationmtd.lib(Windows1252Encoding.obj) : warning LNK4099: PDB 'vc100.pdb' was not found with 'PocoFoundationmtd.lib(Windows1252Encoding.obj)' or at 'C:\Users\Erika\Documents\Visual Studio 2010\Projects\KinectSDKandOFBlur\KinectSDKandOF\bin\vc100.pdb'; linking object as if no debug info
     1>rtAudioD.lib(rtAudio.obj) : warning LNK4099: PDB 'vc100.pdb' was not found with 'rtAudioD.lib(rtAudio.obj)' or at 'C:\Users\Erika\Documents\Visual Studio 2010\Projects\KinectSDKandOFBlur\KinectSDKandOF\bin\vc100.pdb'; linking object as if no debug info
     1>videoInput.lib(videoInput.obj) : warning LNK4099: PDB 'vc90.pdb' was not found with 'videoInput.lib(videoInput.obj)' or at 'C:\Users\Erika\Documents\Visual Studio 2010\Projects\KinectSDKandOFBlur\KinectSDKandOF\bin\vc90.pdb'; linking object as if no debug info
       Manifest:
         C:\Program Files (x86)\Microsoft SDKs\Windows\v7.0A\bin\mt.exe /nologo /verbose /out:"Debug\KinectSDKandOF.exe.embed.manifest" /manifest Debug\KinectSDKandOF.exe.intermediate.manifest
         All outputs are up-to-date.
       LinkEmbedManifest:
         All outputs are up-to-date.
         KinectSDKandOF.vcxproj -> C:\Users\Erika\Documents\Visual Studio 2010\Projects\KinectSDKandOFBlur\KinectSDKandOF\bin\KinectSDKandOF.exe
       FinalizeBuildStatus:
         Deleting file "Debug\KinectSDKandOF.unsuccessfulbuild".
         Touching "Debug\KinectSDKandOF.lastbuildstate".
     1>Done Building Project "C:\Users\Erika\KinectedConference\KinectSDKandOF\KinectSDKandOF.vcxproj" (build target(s)).

Build succeeded.

Time Elapsed 00:00:01.50
